<?xml version="1.0" encoding="UTF-8"?>
<testsuite xmlns:xsi="http://www.w3.org/2001/XMLSchema-instance" xsi:noNamespaceSchemaLocation="https://maven.apache.org/surefire/maven-surefire-plugin/xsd/surefire-test-report.xsd" version="3.0.2" name="com.gimnasio.gimnasio.GimnasioApplicationTests" time="8.585" tests="1" errors="0" skipped="0" failures="0">
  <properties>
[...]
</properties>
  <testcase name="contextLoads" classname="com.gimnasio.gimnasio.GimnasioApplicationTests" time="0.492">
    <system-out><![CDATA[Standard Commons Logging discovery in action with spring-jcl: please remove commons-logging.jar from classpath in order to avoid potential conflicts
21:20:31.260 [main] INFO org.springframework.test.context.support.AnnotationConfigContextLoaderUtils -- Could not detect default configuration classes for test class [com.gimnasio.gimnasio.GimnasioApplicationTests]: GimnasioApplicationTests does not declare any static, non-private, non-final, nested classes annotated with @Configuration.
21:20:31.414 [main] INFO org.springframework.boot.test.context.SpringBootTestContextBootstrapper -- Found @SpringBootConfiguration com.gimnasio.gimnasio.GimnasioApplication for test class com.gimnasio.gimnasio.GimnasioApplicationTests
21:20:31.617 [main] INFO org.springframework.boot.devtools.restart.RestartApplicationListener -- Restart disabled due to context in which it is running

  .   ____          _            __ _ _
 /\\ / ___'_ __ _ _(_)_ __  __ _ \ \ \ \
( ( )\___ | '_ | '_| | '_ \/ _` | \ \ \ \
 \\/  ___)| |_)| | | | | || (_| |  ) ) ) )
  '  |____| .__|_| |_|_| |_\__, | / / / /
 =========|_|==============|___/=/_/_/_/

 :: Spring Boot ::                (v3.5.5)

2025-10-28T21:20:31.915-03:00  INFO 6352 --- [gimnasio] [           main] c.g.gimnasio.GimnasioApplicationTests    : Starting GimnasioApplicationTests using Java 21.0.7 with PID 6352 (started by Usuario in C:\Users\Usuario\Documents\MARTI\Github\IS2-Sprint\TP1Parte2\Ejercicio6\deploy\gimnasio)
2025-10-28T21:20:31.916-03:00  INFO 6352 --- [gimnasio] [           main] c.g.gimnasio.GimnasioApplicationTests    : The following 1 profile is active: "test"
2025-10-28T21:20:32.922-03:00  INFO 6352 --- [gimnasio] [           main] .s.d.r.c.RepositoryConfigurationDelegate : Bootstrapping Spring Data JPA repositories in DEFAULT mode.
2025-10-28T21:20:33.059-03:00  INFO 6352 --- [gimnasio] [           main] .s.d.r.c.RepositoryConfigurationDelegate : Finished Spring Data repository scanning in 126 ms. Found 21 JPA repository interfaces.
2025-10-28T21:20:33.787-03:00  INFO 6352 --- [gimnasio] [           main] o.hibernate.jpa.internal.util.LogHelper  : HHH000204: Processing PersistenceUnitInfo [name: default]
2025-10-28T21:20:33.890-03:00  INFO 6352 --- [gimnasio] [           main] org.hibernate.Version                    : HHH000412: Hibernate ORM core version 6.6.26.Final
2025-10-28T21:20:33.937-03:00  INFO 6352 --- [gimnasio] [           main] o.h.c.internal.RegionFactoryInitiator    : HHH000026: Second-level cache disabled
2025-10-28T21:20:34.414-03:00  INFO 6352 --- [gimnasio] [           main] o.s.o.j.p.SpringPersistenceUnitInfo      : No LoadTimeWeaver setup: ignoring JPA class transformer
2025-10-28T21:20:34.463-03:00  INFO 6352 --- [gimnasio] [           main] com.zaxxer.hikari.HikariDataSource       : HikariPool-1 - Starting...
2025-10-28T21:20:34.678-03:00  INFO 6352 --- [gimnasio] [           main] com.zaxxer.hikari.pool.HikariPool        : HikariPool-1 - Added connection conn0: url=jdbc:h2:mem:testdb user=SA
2025-10-28T21:20:34.679-03:00  INFO 6352 --- [gimnasio] [           main] com.zaxxer.hikari.HikariDataSource       : HikariPool-1 - Start completed.
2025-10-28T21:20:34.705-03:00  WARN 6352 --- [gimnasio] [           main] org.hibernate.orm.deprecation            : HHH90000025: H2Dialect does not need to be specified explicitly using 'hibernate.dialect' (remove the property setting and it will be selected by default)
2025-10-28T21:20:34.737-03:00  INFO 6352 --- [gimnasio] [           main] org.hibernate.orm.connections.pooling    : HHH10001005: Database info:
	Database JDBC URL [Connecting through datasource 'HikariDataSource (HikariPool-1)']
	Database driver: undefined/unknown
	Database version: 2.2.224
	Autocommit mode: undefined/unknown
	Isolation level: undefined/unknown
	Minimum pool size: undefined/unknown
	Maximum pool size: undefined/unknown
Hibernate: create global temporary table HT_mensajes(id varchar(255) not null, primary key (id)) TRANSACTIONAL
Hibernate: create global temporary table HTE_mensajes(eliminado boolean, fecha_envio_promocion date, cantidad_socios_enviados bigint, fk_usuario varchar(255), id varchar(255) not null, texto varchar(255), titulo varchar(255), tipo_mensaje enum ('CUMPLEAÑOS','OTRO','PROMOCION'), primary key (id)) TRANSACTIONAL
Hibernate: create global temporary table HTE_promociones(eliminado boolean, fecha_envio_promocion date, cantidad_socios_enviados bigint, fk_usuario varchar(255), id varchar(255) not null, texto varchar(255), titulo varchar(255), tipo_mensaje enum ('CUMPLEAÑOS','OTRO','PROMOCION'), primary key (id)) TRANSACTIONAL
Hibernate: create global temporary table HT_personas(id varchar(255) not null, primary key (id)) TRANSACTIONAL
Hibernate: create global temporary table HTE_personas(eliminado boolean, fecha_nacimiento date, numero_socio bigint, numero_documento varchar(30), apellido varchar(50), nombre varchar(50), correo_electronico varchar(255), fk_direccion varchar(255), fk_sucursal varchar(255), id varchar(255) not null, telefono varchar(255), tipo_documento enum ('DNI','L_ENROLAMIENTO','PASAPORTE'), tipo_empleado enum ('ADMINISTRATIVO','PROFESOR'), primary key (id)) TRANSACTIONAL
Hibernate: create global temporary table HTE_empleados(eliminado boolean, fecha_nacimiento date, numero_documento varchar(30), apellido varchar(50), nombre varchar(50), correo_electronico varchar(255), fk_direccion varchar(255), fk_sucursal varchar(255), id varchar(255) not null, telefono varchar(255), tipo_documento enum ('DNI','L_ENROLAMIENTO','PASAPORTE'), tipo_empleado enum ('ADMINISTRATIVO','PROFESOR'), primary key (id)) TRANSACTIONAL
Hibernate: create global temporary table HTE_socios(eliminado boolean, fecha_nacimiento date, numero_socio bigint, numero_documento varchar(30), apellido varchar(50), nombre varchar(50), correo_electronico varchar(255), fk_direccion varchar(255), fk_sucursal varchar(255), id varchar(255) not null, telefono varchar(255), tipo_documento enum ('DNI','L_ENROLAMIENTO','PASAPORTE'), primary key (id)) TRANSACTIONAL
2025-10-28T21:20:36.369-03:00  INFO 6352 --- [gimnasio] [           main] o.h.e.t.j.p.i.JtaPlatformInitiator       : HHH000489: No JTA platform available (set 'hibernate.transaction.jta.platform' to enable JTA platform integration)
Hibernate: drop table if exists cuota_factura cascade 
Hibernate: drop table if exists cuotas_mensuales cascade 
Hibernate: drop table if exists departamentos cascade 
Hibernate: drop table if exists detalle_rutinas cascade 
Hibernate: drop table if exists detalle_factura cascade 
Hibernate: drop table if exists direcciones cascade 
Hibernate: drop table if exists empleados cascade 
Hibernate: drop table if exists empresas cascade 
Hibernate: drop table if exists facturas cascade 
Hibernate: drop table if exists facturas_detalle_factura cascade 
Hibernate: drop table if exists forma_de_pago cascade 
Hibernate: drop table if exists localidades cascade 
Hibernate: drop table if exists mensajes cascade 
Hibernate: drop table if exists paises cascade 
Hibernate: drop table if exists personas cascade 
Hibernate: drop table if exists promociones cascade 
Hibernate: drop table if exists provincias cascade 
Hibernate: drop table if exists rutinas cascade 
Hibernate: drop table if exists socios cascade 
Hibernate: drop table if exists sucursales cascade 
Hibernate: drop table if exists usuarios cascade 
Hibernate: drop table if exists valor_cuotas cascade 
Hibernate: create table cuota_factura (id varchar(255) not null, id_cuota varchar(255), id_factura varchar(255), primary key (id))
Hibernate: create table cuotas_mensuales (eliminado boolean not null, fecha_vencimiento date not null, anio bigint not null check (anio>=2000), fk_socio varchar(255) not null, fk_valor_cuota varchar(255) not null, id varchar(255) not null, estado enum ('ADEUDADA','PAGADA') not null, mes enum ('ABRIL','AGOSTO','DICIEMBRE','ENERO','FEBRERO','JULIO','JUNIO','MARZO','MAYO','NOVIEMBRE','OCTUBRE','SEPTIEMBRE') not null, primary key (id))
Hibernate: create table departamentos (eliminado boolean not null, nombre varchar(50) not null, fk_provincia varchar(255) not null, id varchar(255) not null, primary key (id))
Hibernate: create table detalle_rutinas (eliminado boolean not null, fecha date not null, actividad varchar(100) not null, fk_rutina varchar(255) not null, id varchar(255) not null, estado_detalle_rutina enum ('REALIZADA','SIN_REALIZAR') not null, primary key (id))
Hibernate: create table detalle_factura (eliminado boolean not null, fk_cuota_mensual varchar(255) not null, id varchar(255) not null, primary key (id))
Hibernate: create table direcciones (eliminado boolean not null, casa_departamento varchar(10) not null, manzana_piso varchar(10) not null, numeracion varchar(10) not null, barrio varchar(50) not null, calle varchar(100) not null, referencia varchar(100) not null, fk_localidad varchar(255) not null, id varchar(255) not null, primary key (id))
Hibernate: create table empleados (id varchar(255) not null, tipo_empleado enum ('ADMINISTRATIVO','PROFESOR') not null, primary key (id))
Hibernate: create table empresas (eliminado boolean not null, nombre varchar(50) not null, correo_electronico varchar(255) not null, id varchar(255) not null, telefono varchar(255) not null, primary key (id))
Hibernate: create table facturas (eliminado boolean not null, fecha_factura date not null, total_pagado float(53) not null, numero_factura bigint not null unique check (numero_factura>=1), fk_forma_de_pago varchar(255) not null, id varchar(255) not null, estado_factura enum ('ANULADA','PAGADA','SIN_DEFINIR') not null, primary key (id))
Hibernate: create table facturas_detalle_factura (detalle_factura_id varchar(255) not null unique, factura_id varchar(255) not null)
Hibernate: create table forma_de_pago (eliminado boolean not null, id varchar(255) not null, observacion varchar(255), tipo_pago enum ('BILLETERA_VIRTUAL','EFECTIVO','TRANSFEENCIA') not null, primary key (id))
Hibernate: create table localidades (eliminado boolean not null, codigo_postal varchar(10) not null, nombre varchar(50) not null, fk_departamento varchar(255) not null, id varchar(255) not null, primary key (id))
Hibernate: create table mensajes (eliminado boolean not null, fk_usuario varchar(255) not null, id varchar(255) not null, texto varchar(255) not null, titulo varchar(255) not null, tipo_mensaje enum ('CUMPLEAÑOS','OTRO','PROMOCION') not null, primary key (id))
Hibernate: create table paises (eliminado boolean not null, nombre varchar(50) not null, id varchar(255) not null, primary key (id))
Hibernate: create table personas (eliminado boolean not null, fecha_nacimiento date not null, numero_documento varchar(30) not null, apellido varchar(50) not null, nombre varchar(50) not null, correo_electronico varchar(255) not null, fk_direccion varchar(255) not null, fk_sucursal varchar(255) not null, id varchar(255) not null, telefono varchar(255) not null, tipo_documento enum ('DNI','L_ENROLAMIENTO','PASAPORTE') not null, primary key (id))
Hibernate: create table promociones (fecha_envio_promocion date, cantidad_socios_enviados bigint not null check (cantidad_socios_enviados>=0), id varchar(255) not null, primary key (id))
Hibernate: create table provincias (eliminado boolean not null, nombre varchar(50) not null, fk_pais varchar(255) not null, id varchar(255) not null, primary key (id))
Hibernate: create table rutinas (eliminado boolean not null, fecha_finalizacion date not null, fecha_inicio date not null, fk_empleado varchar(255) not null, fk_socio varchar(255) not null, id varchar(255) not null, estado_rutina enum ('ANULADA','EN_PROCESO','FINALIZADA') not null, primary key (id))
Hibernate: create table socios (numero_socio bigint not null unique check (numero_socio>=1), id varchar(255) not null, primary key (id))
Hibernate: create table sucursales (eliminado boolean not null, nombre varchar(50) not null, fk_direccion varchar(255) not null, fk_empresa varchar(255) not null, id varchar(255) not null, primary key (id))
Hibernate: create table usuarios (eliminado boolean not null, nombre_usuario varchar(50) not null, clave varchar(255) not null, fk_persona varchar(255) not null, id varchar(255) not null, rol enum ('ADMINISTRATIVO','PROFESOR','SOCIO'), primary key (id))
Hibernate: create table valor_cuotas (eliminado boolean not null, valor_cuota float(53) not null, fecha_desde timestamp(6), fecha_hasta timestamp(6), id varchar(255) not null, primary key (id))
Hibernate: alter table if exists cuotas_mensuales add constraint FKsa16q65vk305knmnjukxaep03 foreign key (fk_socio) references socios
Hibernate: alter table if exists cuotas_mensuales add constraint FK9tu0d2yv1y2i0njuq84yyfe0t foreign key (fk_valor_cuota) references valor_cuotas
Hibernate: alter table if exists departamentos add constraint FKhnoxwqnweatv0uniggg2qt2ja foreign key (fk_provincia) references provincias
Hibernate: alter table if exists detalle_rutinas add constraint FK8mcbp6kji9yscvwwvg27xae8a foreign key (fk_rutina) references rutinas
Hibernate: alter table if exists detalle_factura add constraint FKjet4115gy490exhgp461gykah foreign key (fk_cuota_mensual) references cuotas_mensuales
Hibernate: alter table if exists direcciones add constraint FK6qurik0fwtajryl3ofod0p360 foreign key (fk_localidad) references localidades
Hibernate: alter table if exists empleados add constraint FKrooobmudid3x3h09r4u5rdemn foreign key (id) references personas
Hibernate: alter table if exists facturas add constraint FKa98ygxr3to3oysrak0jhmunh4 foreign key (fk_forma_de_pago) references forma_de_pago
Hibernate: alter table if exists facturas_detalle_factura add constraint FKdgx3g63it8hues78tf0tq3alb foreign key (detalle_factura_id) references detalle_factura
Hibernate: alter table if exists facturas_detalle_factura add constraint FKssq6eb3feb4k6f63iv2krv7sa foreign key (factura_id) references facturas
Hibernate: alter table if exists localidades add constraint FKncgsvo4ip791tsorixjpxne2r foreign key (fk_departamento) references departamentos
Hibernate: alter table if exists mensajes add constraint FKf2e8pfwt6fns7lrw6gpj71m9l foreign key (fk_usuario) references usuarios
Hibernate: alter table if exists personas add constraint FK2nomb72bx1h7mtpotkkdoyou9 foreign key (fk_direccion) references direcciones
Hibernate: alter table if exists personas add constraint FKp3a0oro0v6wwwmfs8m1y52v87 foreign key (fk_sucursal) references sucursales
Hibernate: alter table if exists promociones add constraint FKrnnljwwd2tvr9tl5rphppnod2 foreign key (id) references mensajes
Hibernate: alter table if exists provincias add constraint FKh2w6ia0fd46b9s5r02uhjivk6 foreign key (fk_pais) references paises
Hibernate: alter table if exists rutinas add constraint FK1v7s5mx30kulx7iggeatc1y2r foreign key (fk_empleado) references empleados
Hibernate: alter table if exists rutinas add constraint FK9gxru4yfpvhih6hy7bcj8ihgc foreign key (fk_socio) references socios
Hibernate: alter table if exists socios add constraint FK1030qtwdd4o04s6f6rp0fpcg8 foreign key (id) references personas
Hibernate: alter table if exists sucursales add constraint FK3da3umewj7esisro06sk06t7w foreign key (fk_direccion) references direcciones
Hibernate: alter table if exists sucursales add constraint FKlvr0f0qu65jr20gtwdy3astd1 foreign key (fk_empresa) references empresas
Hibernate: alter table if exists usuarios add constraint FK7g5djs6vvgp6p2lsvyem5qvdd foreign key (fk_persona) references personas
2025-10-28T21:20:36.453-03:00  INFO 6352 --- [gimnasio] [           main] j.LocalContainerEntityManagerFactoryBean : Initialized JPA EntityManagerFactory for persistence unit 'default'
2025-10-28T21:20:36.907-03:00  INFO 6352 --- [gimnasio] [           main] o.s.d.j.r.query.QueryEnhancerFactory     : Hibernate is in classpath; If applicable, HQL parser will be used.
2025-10-28T21:20:38.267-03:00  WARN 6352 --- [gimnasio] [           main] JpaBaseConfiguration$JpaWebConfiguration : spring.jpa.open-in-view is enabled by default. Therefore, database queries may be performed during view rendering. Explicitly configure spring.jpa.open-in-view to disable this warning
2025-10-28T21:20:38.587-03:00  INFO 6352 --- [gimnasio] [           main] eAuthenticationProviderManagerConfigurer : Global AuthenticationManager configured with AuthenticationProvider bean with name customAuthenticationProvider
2025-10-28T21:20:38.588-03:00  WARN 6352 --- [gimnasio] [           main] r$InitializeUserDetailsManagerConfigurer : Global AuthenticationManager configured with an AuthenticationProvider bean. UserDetailsService beans will not be used by Spring Security for automatically configuring username/password login. Consider removing the AuthenticationProvider bean. Alternatively, consider using the UserDetailsService in a manually instantiated DaoAuthenticationProvider. If the current configuration is intentional, to turn off this warning, increase the logging level of 'org.springframework.security.config.annotation.authentication.configuration.InitializeUserDetailsBeanManagerConfigurer' to ERROR
2025-10-28T21:20:39.173-03:00  INFO 6352 --- [gimnasio] [           main] c.g.gimnasio.GimnasioApplicationTests    : Started GimnasioApplicationTests in 7.57 seconds (process running for 8.733)
]]></system-out>
    <system-err><![CDATA[Mockito is currently self-attaching to enable the inline-mock-maker. This will no longer work in future releases of the JDK. Please add Mockito as an agent to your build as described in Mockito's documentation: https://javadoc.io/doc/org.mockito/mockito-core/latest/org.mockito/org/mockito/Mockito.html#0.3
WARNING: A Java agent has been loaded dynamically (C:\Users\Usuario\.m2\repository\net\bytebuddy\byte-buddy-agent\1.17.7\byte-buddy-agent-1.17.7.jar)
WARNING: If a serviceability tool is in use, please run with -XX:+EnableDynamicAgentLoading to hide this warning
WARNING: If a serviceability tool is not in use, please run with -Djdk.instrument.traceUsage for more information
WARNING: Dynamic loading of agents will be disallowed by default in a future release
]]></system-err>
  </testcase>
</testsuite>